Drill Listing
=============
Drill: .03543  Tool: 1  Feed: 197  Speed: 550
X 399456  Y 306850
X 399456  Y 296850
X 419456  Y 306850
X 419456  Y 296850
X 519456  Y 306850
X 519456  Y 296850
X 539456  Y 306850
X 539456  Y 296850
X 639456  Y 306850
X 639456  Y 296850
X 659456  Y 306850
X 659456  Y 296850
X 759456  Y 306850
X 759456  Y 296850
X 779456  Y 306850
X 779456  Y 296850
X 879456  Y 306850
X 879456  Y 296850
X 899456  Y 306850
X 899456  Y 296850
X 999456  Y 306850
X 999456  Y 296850
X 1019456  Y 306850
X 1019456  Y 296850
X 1119456  Y 306850
X 1119456  Y 296850
X 1139456  Y 306850
X 1139456  Y 296850
X 1239456  Y 306850
X 1239456  Y 296850
X 1259456  Y 306850
X 1259456  Y 296850
X 1359456  Y 306850
X 1359456  Y 296850
X 1379456  Y 306850
X 1379456  Y 296850
X 1379456  Y 336850
X 1379456  Y 326850
X 1379456  Y 316850
X 1359456  Y 336850
X 1359456  Y 326850
X 1359456  Y 316850
X 1259456  Y 336850
X 1259456  Y 326850
X 1259456  Y 316850
X 1239456  Y 336850
X 1239456  Y 326850
X 1239456  Y 316850
X 1139456  Y 336850
X 1139456  Y 326850
X 1139456  Y 316850
X 1119456  Y 336850
X 1119456  Y 326850
X 1119456  Y 316850
X 1019456  Y 336850
X 1019456  Y 326850
X 1019456  Y 316850
X 999456  Y 336850
X 999456  Y 326850
X 999456  Y 316850
X 899456  Y 336850
X 899456  Y 326850
X 899456  Y 316850
X 879456  Y 336850
X 879456  Y 326850
X 879456  Y 316850
X 779456  Y 336850
X 779456  Y 326850
X 779456  Y 316850
X 759456  Y 336850
X 759456  Y 326850
X 759456  Y 316850
X 659456  Y 336850
X 659456  Y 326850
X 659456  Y 316850
X 639456  Y 336850
X 639456  Y 326850
X 639456  Y 316850
X 539456  Y 316850
X 539456  Y 336850
X 539456  Y 326850
X 519456  Y 336850
X 519456  Y 326850
X 519456  Y 316850
X 419456  Y 336850
X 419456  Y 326850
X 419456  Y 316850
X 399456  Y 336850
X 399456  Y 326850
X 399456  Y 316850
X 399456  Y 356850
X 399456  Y 346850
X 399456  Y 386850
X 399456  Y 376850
X 399456  Y 366850
X 419456  Y 346850
X 419456  Y 356850
X 419456  Y 386850
X 419456  Y 376850
X 419456  Y 366850
X 519456  Y 356850
X 519456  Y 346850
X 519456  Y 386850
X 519456  Y 376850
X 519456  Y 366850
X 539456  Y 346850
X 539456  Y 376850
X 539456  Y 366850
X 539456  Y 386850
X 539456  Y 356850
X 639456  Y 356850
X 639456  Y 346850
X 639456  Y 386850
X 639456  Y 376850
X 639456  Y 366850
X 659456  Y 356850
X 659456  Y 346850
X 659456  Y 386850
X 659456  Y 376850
X 659456  Y 366850
X 759456  Y 356850
X 759456  Y 386850
X 759456  Y 346850
X 759456  Y 376850
X 759456  Y 366850
X 779456  Y 386850
X 779456  Y 376850
X 779456  Y 366850
X 779456  Y 356850
X 779456  Y 346850
X 879456  Y 356850
X 879456  Y 386850
X 879456  Y 376850
X 879456  Y 366850
X 879456  Y 346850
X 899456  Y 376850
X 899456  Y 366850
X 899456  Y 356850
X 899456  Y 346850
X 899456  Y 386850
X 999456  Y 356850
X 999456  Y 386850
X 999456  Y 346850
X 999456  Y 376850
X 999456  Y 366850
X 1019456  Y 386850
X 1019456  Y 376850
X 1019456  Y 356850
X 1019456  Y 366850
X 1019456  Y 346850
X 1119456  Y 386850
X 1119456  Y 376850
X 1119456  Y 366850
X 1119456  Y 356850
X 1119456  Y 346850
X 1139456  Y 366850
X 1139456  Y 376850
X 1139456  Y 386850
X 1139456  Y 356850
X 1139456  Y 346850
X 1239456  Y 366850
X 1239456  Y 386850
X 1239456  Y 376850
X 1239456  Y 356850
X 1239456  Y 346850
X 1259456  Y 356850
X 1259456  Y 386850
X 1259456  Y 346850
X 1259456  Y 376850
X 1259456  Y 366850
X 1359456  Y 346850
X 1359456  Y 386850
X 1359456  Y 356850
X 1359456  Y 376850
X 1359456  Y 366850
X 1379456  Y 356850
X 1379456  Y 376850
X 1379456  Y 346850
X 1379456  Y 386850
X 1379456  Y 366850
X 1379456  Y 406850
X 1379456  Y 396850
X 1379456  Y 436850
X 1379456  Y 426850
X 1379456  Y 416850
X 1359456  Y 406850
X 1359456  Y 396850
X 1359456  Y 436850
X 1359456  Y 426850
X 1359456  Y 416850
X 1259456  Y 406850
X 1259456  Y 396850
X 1259456  Y 416850
X 1259456  Y 436850
X 1259456  Y 426850
X 1239456  Y 406850
X 1239456  Y 396850
X 1239456  Y 436850
X 1239456  Y 426850
X 1239456  Y 416850
X 1139456  Y 406850
X 1139456  Y 396850
X 1139456  Y 436850
X 1139456  Y 426850
X 1139456  Y 416850
X 1119456  Y 406850
X 1119456  Y 396850
X 1119456  Y 436850
X 1119456  Y 426850
X 1119456  Y 416850
X 1019456  Y 426850
X 1019456  Y 416850
X 1019456  Y 406850
X 1019456  Y 396850
X 1019456  Y 436850
X 999456  Y 416850
X 999456  Y 406850
X 999456  Y 396850
X 999456  Y 436850
X 999456  Y 426850
X 899456  Y 436850
X 899456  Y 426850
X 899456  Y 416850
X 899456  Y 406850
X 899456  Y 396850
X 879456  Y 436850
X 879456  Y 416850
X 879456  Y 406850
X 879456  Y 426850
X 879456  Y 396850
X 779456  Y 396850
X 779456  Y 426850
X 779456  Y 436850
X 779456  Y 406850
X 779456  Y 416850
X 759456  Y 406850
X 759456  Y 396850
X 759456  Y 436850
X 759456  Y 426850
X 759456  Y 416850
X 659456  Y 436850
X 659456  Y 426850
X 659456  Y 416850
X 659456  Y 406850
X 659456  Y 396850
X 639456  Y 396850
X 639456  Y 436850
X 639456  Y 426850
X 639456  Y 416850
X 639456  Y 406850
X 539456  Y 436850
X 539456  Y 406850
X 539456  Y 396850
X 539456  Y 426850
X 539456  Y 416850
X 519456  Y 396850
X 519456  Y 426850
X 519456  Y 416850
X 519456  Y 406850
X 519456  Y 436850
X 419456  Y 436850
X 419456  Y 416850
X 419456  Y 406850
X 419456  Y 396850
X 419456  Y 426850
X 399456  Y 436850
X 399456  Y 426850
X 399456  Y 406850
X 399456  Y 416850
X 399456  Y 396850
X 399456  Y 446850
X 419456  Y 446850
X 519456  Y 446850
X 539456  Y 446850
X 639456  Y 446850
X 659456  Y 446850
X 759456  Y 446850
X 779456  Y 446850
X 879456  Y 446850
X 899456  Y 446850
X 999456  Y 446850
X 1019456  Y 446850
X 1119456  Y 446850
X 1139456  Y 446850
X 1239456  Y 446850
X 1259456  Y 446850
X 1359456  Y 446850
X 1379456  Y 446850

Drill: .05906  Tool: 2  Feed: 107  Speed: 550
X 1260874  Y 214173
X 1280874  Y 214173
X 1359299  Y 214173
X 1379299  Y 214173

Drill: .06299  Tool: 3  Feed: 89  Speed: 550
X 1122448  Y 214172
X 1142448  Y 214172
X 1162448  Y 214172
X 1182448  Y 214172

Drill: .09843  Tool: 4  Feed: 66  Speed: 550
X 1444488  Y 113779
X 1444488  Y 172834
X 1444488  Y 200393
X 1444488  Y 259448
X 1472047  Y 113779
X 1472047  Y 200393
X 1472047  Y 172834
X 1472047  Y 259448
X 1472047  Y 287007
X 1472047  Y 346062
X 1472047  Y 373622
X 1472047  Y 432677
X 1444488  Y 373622
X 1444488  Y 346062
X 1444488  Y 432677
X 1444488  Y 287007
X 1444488  Y 460236
X 1444488  Y 519291
X 1472047  Y 460236
X 1472047  Y 519291

Drill: .1378  Tool: 5  Feed: 35  Speed: 794
X 411456  Y 116000
X 531456  Y 116000
X 651456  Y 116000
X 771456  Y 116000
X 891456  Y 116000
X 1011456  Y 116000
X 1131456  Y 116000
X 1251456  Y 116000
X 1371456  Y 116000
X 1369456  Y 273227
X 1249456  Y 273227
X 1129456  Y 273227
X 1009456  Y 273227
X 889456  Y 273227
X 769456  Y 273227
X 649456  Y 273227
X 529456  Y 273227
X 409456  Y 273227
X 409456  Y 470472
X 529456  Y 470472
X 649456  Y 470472
X 769456  Y 470472
X 889456  Y 470472
X 1009456  Y 470472
X 1129456  Y 470472
X 1249456  Y 470472
X 1369456  Y 470472
X 1371456  Y 517300
X 1251456  Y 517300
X 1131456  Y 517300
X 1011456  Y 517300
X 891456  Y 517300
X 771456  Y 517300
X 651456  Y 517300
X 531456  Y 517300
X 411456  Y 517300

End of Listing
